Arguments: 
  C:\Program Files\nodejs\node.exe C:\Users\morka_joshua\AppData\Roaming\npm\node_modules\yarn\bin\yarn.js add argon2 drizzle-orm pg pino pino-pretty zenv zod jsonwebtokens fastify-zod fastify-guard fastify

PATH: 
  C:\Program Files\Common Files\Oracle\Java\javapath;C:\WINDOWS\system32;C:\WINDOWS;C:\WINDOWS\System32\Wbem;C:\WINDOWS\System32\WindowsPowerShell\v1.0\;C:\WINDOWS\System32\OpenSSH\;C:\Program Files\nodejs\;C:\Program Files\Git\cmd;C:\Program Files\Docker\Docker\resources\bin;C:\ProgramData\DockerDesktop\version-bin;C:\Program Files\Kubernetes\Minikube;C:\ProgramData\chocolatey\bin;F:\composer;C:\Program Files\Go\bin;C:\Program Files\Amazon\AWSCLIV2\;C:\Users\morka_joshua\.cargo\bin;C:\Users\morka_joshua\scoop\shims;C:\Users\morka_joshua\AppData\Local\Programs\Python\Python39\Scripts\;C:\Users\morka_joshua\AppData\Local\Programs\Python\Python39\;C:\Users\morka_joshua\AppData\Local\Microsoft\WindowsApps;C:\src\flutter\bin;C:\Program Files\Android\Android Studio\jre;C:\Users\morka_joshua\AppData\Roaming\npm;C:\Program Files\Java\jdk-11.0.11\bin;F:\msys64\mingw64\bin;C:\Program Files\heroku\bin;C:\src\flutter\.pub-cache\bin;F:\msys64\usr\bin;C:\Users\user\AppData\Local\Pub\Cache\bin;C:\Users\morka_joshua\AppData\Local\Pub\Cache\bin;C:\Users\morka_joshua\go\bin;C:\Users\morka_joshua\go;C:\protoc\bin;C:\Program Files\MongoDB\Server\5.0\bin;F:\xampp\php;C:\Users\morka_joshua\AppData\Roaming\Composer\vendor\bin;c:\users\morka_joshua\.local\bin;c:\users\morka_joshua\appdata\roaming\python\python39\scripts;C:\Users\morka_joshua\AppData\Local\Programs\Microsoft VS Code\bin;C:\Program Files\sqlc;C:\Users\morka_joshua\go\bin;C:\Program Files\confluent-7.4.1\bin;C:\Users\morka_joshua\platform-tools;

Yarn version: 
  1.22.19

Node version: 
  14.17.3

Platform: 
  win32 x64

Trace: 
  Error: https://registry.yarnpkg.com/jsonwebtokens: Not found
      at Request.params.callback [as _callback] (C:\Users\morka_joshua\AppData\Roaming\npm\node_modules\yarn\lib\cli.js:66145:18)
      at Request.self.callback (C:\Users\morka_joshua\AppData\Roaming\npm\node_modules\yarn\lib\cli.js:140890:22)
      at Request.emit (events.js:375:28)
      at Request.<anonymous> (C:\Users\morka_joshua\AppData\Roaming\npm\node_modules\yarn\lib\cli.js:141862:10)
      at Request.emit (events.js:375:28)
      at IncomingMessage.<anonymous> (C:\Users\morka_joshua\AppData\Roaming\npm\node_modules\yarn\lib\cli.js:141784:12)
      at Object.onceWrapper (events.js:481:28)
      at IncomingMessage.emit (events.js:387:35)
      at endReadableNT (internal/streams/readable.js:1317:12)
      at processTicksAndRejections (internal/process/task_queues.js:82:21)

npm manifest: 
  {
    "name": "role-based-user-api",
    "version": "1.0.0",
    "description": "Multi Tenant Role Based User API",
    "main": "index.js",
    "scripts": {
      "test": "echo \"Error: no test specified\" && exit 1"
    },
    "author": "Morka Joshua",
    "license": "ISC"
  }

yarn manifest: 
  No manifest

Lockfile: 
  No lockfile
